<?xml version="1.0" encoding="UTF-8"?>
<!-- Generated by org.testng.reporters.JUnitReportReporter -->
<testsuite hostname="HarshMashal21" failures="0" tests="2" name="selenium_by_Y.TestNG_2" time="0.007" errors="0" timestamp="2024-11-10T16:52:31 IST" skipped="0">
  <testcase classname="selenium_by_Y.TestNG_2" name="kyari" time="0.005"/>
  <system-out/>
  <testcase classname="selenium_by_Y.TestNG_2" name="kyari" time="0.002"/>
  <system-out/>
</testsuite> <!-- selenium_by_Y.TestNG_2 -->
